<?xml version="1.0" encoding="UTF-8"?>
<testng-results ignored="0" total="1" passed="1" failed="0" skipped="0">
  <reporter-output>
  </reporter-output>
  <suite started-at="2020-09-19T16:56:16 IST" name="Suite" finished-at="2020-09-19T16:57:50 IST" duration-ms="94290">
    <groups>
      <group name="cucumber">
        <method signature="AbstractTestNGCucumberTests.feature(cucumber.api.testng.CucumberFeatureWrapper)[pri:0, instance:cucumberOptions.TestRunner@22101c80]" name="feature" class="cucumber.api.testng.AbstractTestNGCucumberTests"/>
      </group> <!-- cucumber -->
    </groups>
    <test started-at="2020-09-19T16:56:16 IST" name="Test" finished-at="2020-09-19T16:57:50 IST" duration-ms="94290">
      <class name="cucumberOptions.TestRunner">
        <test-method is-config="true" signature="setUpClass()[pri:0, instance:cucumberOptions.TestRunner@22101c80]" started-at="2020-09-19T16:56:16 IST" name="setUpClass" finished-at="2020-09-19T16:56:17 IST" duration-ms="980" status="PASS">
          <reporter-output>
          </reporter-output>
        </test-method> <!-- setUpClass -->
        <test-method signature="feature(cucumber.api.testng.CucumberFeatureWrapper)[pri:0, instance:cucumberOptions.TestRunner@22101c80]" started-at="2020-09-19T16:56:17 IST" name="feature" description="Runs Cucumber Feature" data-provider="features" finished-at="2020-09-19T16:57:50 IST" duration-ms="92562" status="PASS">
          <params>
            <param index="0">
              <value>
                <![CDATA[validate Login Page]]>
              </value>
            </param>
          </params>
          <reporter-output>
          </reporter-output>
        </test-method> <!-- feature -->
        <test-method is-config="true" signature="tearDownClass()[pri:0, instance:cucumberOptions.TestRunner@22101c80]" started-at="2020-09-19T16:57:50 IST" name="tearDownClass" finished-at="2020-09-19T16:57:50 IST" duration-ms="30" status="PASS">
          <reporter-output>
          </reporter-output>
        </test-method> <!-- tearDownClass -->
      </class> <!-- cucumberOptions.TestRunner -->
    </test> <!-- Test -->
  </suite> <!-- Suite -->
</testng-results>
